======================================================================
JVM heap space option: -Xmx12G
Using user-defined profile.
Corese profile:
# Content available in the default dataset at /sparql
st:user a st:Server;
    st:content st:loadcontent .

# List endpoints allowed in federated queries + where STTL is allowed to get html templates
st:access st:namespace
    <http://localhost/sttl>,
    <http://fr.dbpedia.org/sparql>,
    <http://dbpedia.org/sparql>,
    <https://query.wikidata.org/sparql>
    .


st:loadcontent a sw:Workflow; sw:body (
  [ a sw:Load; sw:path </usr/local/corese/data/data.ttl> ]
).

Using user-defined properties file.
2022-02-09 10:44:15 INFO  webservice.EmbeddedJettyServer.main:117 [] - Loading log4j configuration: file:/usr/local/corese/log4j2.xml
2022-02-09 10:44:15 INFO  webservice.EmbeddedJettyServer.main:118 [] - To override log4j configuration add JVM option: -Dlog4j.configurationFile=file:/home/.../your_log4j2.xml
2022-02-09 10:44:15 INFO  core.Corese.init:14 [] - Corese, Inria: Wed Feb 09 10:44:15 UTC 2022
2022-02-09 10:44:15 INFO  webservice.EmbeddedJettyServer.main:231 [] - Profile: file:///usr/local/corese/config/corese-profile.ttl
2022-02-09 10:44:15 INFO  webservice.EmbeddedJettyServer.main:282 [] - init = /usr/local/corese/config/corese-properties.ini
2022-02-09 10:44:15 INFO  util.Property.variable:713 [] - ldscript variable: mapsize=maplarge
2022-02-09 10:44:15 INFO  util.Property.variable:713 [] - ldscript variable: mapzoom=6
2022-02-09 10:44:15 INFO  webservice.EmbeddedJettyServer.main:306 [] - BASE_URI = http://localhost:9100/
2022-02-09 10:44:15 INFO  webservice.EmbeddedJettyServer.main:308 [] - ----------------------------------------------
2022-02-09 10:44:15 INFO  webservice.EmbeddedJettyServer.main:309 [] - Corese/KGRAM endpoint started on http://localhost:9100/sparql
2022-02-09 10:44:15 INFO  log.Log.initialized:192 [] - Logging initialized @598ms to org.eclipse.jetty.util.log.Slf4jLog
2022-02-09 10:44:15 INFO  vfs.VfsLog.info:122 [] - Using "/tmp/vfs_cache" as temporary files store.
2022-02-09 10:44:16 INFO  webservice.EmbeddedJettyServer.extractResourceDir:433 [] - Overwritting directory webapp in file:///tmp/root
2022-02-09 10:44:16 INFO  webservice.EmbeddedJettyServer.main:319 [] - Webapp dir: file:///tmp/root/webapp
2022-02-09 10:44:16 INFO  webservice.EmbeddedJettyServer.main:324 [] - Corese/KGRAM webapp UI started on http://localhost:9100
2022-02-09 10:44:16 INFO  webservice.EmbeddedJettyServer.main:325 [] - ----------------------------------------------
2022-02-09 10:44:16 WARN  handler.ContextHandler.setContextPath:1492 [] - o.e.j.s.ServletContextHandler@2566428f{/,null,UNAVAILABLE} contextPath ends with /*
2022-02-09 10:44:16 WARN  handler.ContextHandler.setContextPath:1503 [] - Empty contextPath
2022-02-09 10:44:16 INFO  server.Server.doStart:373 [] - jetty-9.4.z-SNAPSHOT
2022-02-09 10:44:16 INFO  handler.ContextHandler.doStart:788 [] - Started o.e.j.s.h.ContextHandler@7af5cf2a{/,null,AVAILABLE}
2022-02-09 10:44:17 INFO  handler.ContextHandler.doStart:788 [] - Started o.e.j.s.ServletContextHandler@2566428f{/,null,AVAILABLE}
2022-02-09 10:44:17 INFO  server.AbstractConnector.doStart:286 [] - Started ServerConnector@20d4fdff{HTTP/1.1,[http/1.1]}{0.0.0.0:9100}
2022-02-09 10:44:17 INFO  server.Server.doStart:441 [] - Started @1769ms
2022-02-09 10:44:17 INFO  webservice.SPARQLRestAPI.initRDF:151 [] - entering initRDF
2022-02-09 10:44:17 INFO  webservice.SPARQLRestAPI.init:200 [] - Load: file:///usr/local/corese/config/corese-profile.ttl
2022-02-09 10:44:17 INFO  webservice.Profile.init:309 [] - Load: http://deacc8f8f26e:9100/data/profile.ttl
2022-02-09 10:44:17 INFO  webservice.Profile.init:312 [] - Load: file:///usr/local/corese/config/corese-profile.ttl
2022-02-09 10:44:17 INFO  webservice.Profile.initParameter:423 [] - Parameter Context
2022-02-09 10:44:17 INFO  webservice.Profile.initParameter:424 [] - level: PRIVATE

2022-02-09 10:44:17 INFO  webservice.SPARQLRestAPI.init:174 [] - key: afef6e07-2ca8-44f8-b0c3-60aafba13efc
2022-02-09 10:44:40 INFO  webservice.SPARQLRestAPI.getTriplesXMLForGet:298 [] - getTriplesXMLForGet
2022-02-09 10:44:40 INFO  webservice.SPARQLResult.getResultFormat:90 [] - Endpoint URL: http://localhost:9100/sparql
2022-02-09 10:44:40 INFO  webservice.SPARQLResult.getResultFormat:96 [] - Query: construct where {?s ?p ?o}
2022-02-09 10:44:40 INFO  webservice.EventManager.log:72 [] - Workflow Context:
st:remoteHost : "172.19.0.1"
st:service : "http://ns.inria.fr/sparql-template/user"
mode : "("shacl" )"^^dt:list
request : "[org.eclipse.jetty.server.Request:Request(GET //localhost:9100/sparql?mode=shacl&uri=https://drive.google.com/u/0/uc?id=1XOd5IoAlR5woubQqmXcTelDTl8h5HFDN%26export=download&query=construct%20where%20{?s%20?p%20?o}&format=turtle)@20a682ed]"^^dt:pointer
shacl : true
uri : "(<https://drive.google.com/u/0/uc?id=1XOd5IoAlR5woubQqmXcTelDTl8h5HFDN&export=download> )"^^dt:list
url : <http://localhost:9100/sparql>
user query: true
level: PRIVATE

2022-02-09 10:44:40 INFO  webservice.EventManager.log:73 [] - {st:count="[Map: size=1]"^^dt:map, st:date="[Map: size=1]"^^dt:map, st:host="[Map: size=1]"^^dt:map, st:hostlite="[Map: size=1]"^^dt:map}
2022-02-09 10:44:40 INFO  webservice.EventManager.log:74 [] - {"http://ns.inria.fr/sparql-template/user"=1}
2022-02-09 10:44:40 INFO  webservice.EventManager.log:76 [] - {"172.19.0.1"=1}
2022-02-09 10:44:41 INFO  load.Service.recordFormat:620 [] - Content type: text/turtle
2022-02-09 10:44:41 WARN  tool.Message.log:64 [] - Undefined variable: ?sh
2022-02-09 10:44:41 WARN  tool.Message.log:64 [] - Undefined variable: ?ppp
======================================================================
JVM heap space option: -Xmx12G
Creating new profile.
Looking for data files in: /usr/local/corese/data
Corese profile:
# Content available in the default dataset at /sparql
st:user a st:Server;
    st:content st:loadcontent .

# List endpoints allowed in federated queries + where STTL is allowed to get html templates
st:access st:namespace
    <http://localhost/sttl>,
    <http://fr.dbpedia.org/sparql>,
    <http://dbpedia.org/sparql>,
    <https://query.wikidata.org/sparql>
    .


st:loadcontent a sw:Workflow; sw:body (
  [ a sw:Load; sw:path </usr/local/corese/data/data.ttl> ]
).

Creating new properties file.
2022-02-09 13:17:32 INFO  webservice.EmbeddedJettyServer.main:117 [] - Loading log4j configuration: file:/usr/local/corese/log4j2.xml
2022-02-09 13:17:32 INFO  webservice.EmbeddedJettyServer.main:118 [] - To override log4j configuration add JVM option: -Dlog4j.configurationFile=file:/home/.../your_log4j2.xml
2022-02-09 13:17:32 INFO  core.Corese.init:14 [] - Corese, Inria: Wed Feb 09 13:17:32 UTC 2022
2022-02-09 13:17:32 INFO  webservice.EmbeddedJettyServer.main:231 [] - Profile: file:///usr/local/corese/config/corese-profile.ttl
2022-02-09 13:17:32 INFO  webservice.EmbeddedJettyServer.main:282 [] - init = /usr/local/corese/config/corese-properties.ini
2022-02-09 13:17:32 INFO  util.Property.variable:713 [] - ldscript variable: mapsize=maplarge
2022-02-09 13:17:32 INFO  util.Property.variable:713 [] - ldscript variable: mapzoom=6
2022-02-09 13:17:32 INFO  webservice.EmbeddedJettyServer.main:306 [] - BASE_URI = http://localhost:9100/
2022-02-09 13:17:32 INFO  webservice.EmbeddedJettyServer.main:308 [] - ----------------------------------------------
2022-02-09 13:17:32 INFO  webservice.EmbeddedJettyServer.main:309 [] - Corese/KGRAM endpoint started on http://localhost:9100/sparql
2022-02-09 13:17:32 INFO  log.Log.initialized:192 [] - Logging initialized @748ms to org.eclipse.jetty.util.log.Slf4jLog
2022-02-09 13:17:32 INFO  vfs.VfsLog.info:122 [] - Using "/tmp/vfs_cache" as temporary files store.
2022-02-09 13:17:32 INFO  webservice.EmbeddedJettyServer.extractResourceDir:428 [] - Extracting directory webapp to file:///tmp/root
2022-02-09 13:17:33 INFO  webservice.EmbeddedJettyServer.main:319 [] - Webapp dir: file:///tmp/root/webapp
2022-02-09 13:17:33 INFO  webservice.EmbeddedJettyServer.main:324 [] - Corese/KGRAM webapp UI started on http://localhost:9100
2022-02-09 13:17:33 INFO  webservice.EmbeddedJettyServer.main:325 [] - ----------------------------------------------
2022-02-09 13:17:33 WARN  handler.ContextHandler.setContextPath:1492 [] - o.e.j.s.ServletContextHandler@6641dd60{/,null,UNAVAILABLE} contextPath ends with /*
2022-02-09 13:17:33 WARN  handler.ContextHandler.setContextPath:1503 [] - Empty contextPath
2022-02-09 13:17:33 INFO  server.Server.doStart:373 [] - jetty-9.4.z-SNAPSHOT
2022-02-09 13:17:33 INFO  handler.ContextHandler.doStart:788 [] - Started o.e.j.s.h.ContextHandler@2fc1b04a{/,null,AVAILABLE}
2022-02-09 13:17:33 INFO  handler.ContextHandler.doStart:788 [] - Started o.e.j.s.ServletContextHandler@6641dd60{/,null,AVAILABLE}
2022-02-09 13:17:33 INFO  server.AbstractConnector.doStart:286 [] - Started ServerConnector@30f13b3a{HTTP/1.1,[http/1.1]}{0.0.0.0:9100}
2022-02-09 13:17:33 INFO  server.Server.doStart:441 [] - Started @2033ms
2022-02-09 13:17:33 INFO  webservice.SPARQLRestAPI.initRDF:151 [] - entering initRDF
2022-02-09 13:17:33 INFO  webservice.SPARQLRestAPI.init:200 [] - Load: file:///usr/local/corese/config/corese-profile.ttl
2022-02-09 13:17:33 INFO  webservice.Profile.init:309 [] - Load: http://0283af082103:9100/data/profile.ttl
2022-02-09 13:17:33 INFO  webservice.Profile.init:312 [] - Load: file:///usr/local/corese/config/corese-profile.ttl
2022-02-09 13:17:34 INFO  webservice.Profile.initParameter:423 [] - Parameter Context
2022-02-09 13:17:34 INFO  webservice.Profile.initParameter:424 [] - level: PRIVATE

2022-02-09 13:17:34 INFO  webservice.SPARQLRestAPI.init:174 [] - key: 983f4945-f36b-434a-a3b4-31a594fb17cd
2022-02-09 13:18:14 INFO  webservice.SPARQLRestAPI.getTriplesXMLForGet:298 [] - getTriplesXMLForGet
2022-02-09 13:18:14 INFO  webservice.SPARQLResult.getResultFormat:90 [] - Endpoint URL: http://localhost:9100/sparql
2022-02-09 13:18:14 INFO  webservice.SPARQLResult.getResultFormat:96 [] - Query: construct where {?s ?p ?o}
2022-02-09 13:18:14 INFO  webservice.EventManager.log:72 [] - Workflow Context:
st:remoteHost : "172.19.0.1"
st:service : "http://ns.inria.fr/sparql-template/user"
mode : "("prob-shacl" )"^^dt:list
prob-shacl : true
request : "[org.eclipse.jetty.server.Request:Request(GET //localhost:9100/sparql?mode=prob-shacl&uri=https://drive.google.com/u/0/uc?id=1XOd5IoAlR5woubQqmXcTelDTl8h5HFDN%26export=download&query=construct%20where%20{?s%20?p%20?o}&format=turtle)@3a05678a]"^^dt:pointer
uri : "(<https://drive.google.com/u/0/uc?id=1XOd5IoAlR5woubQqmXcTelDTl8h5HFDN&export=download> )"^^dt:list
url : <http://localhost:9100/sparql>
user query: true
level: PRIVATE

2022-02-09 13:18:14 INFO  webservice.EventManager.log:73 [] - {st:count="[Map: size=1]"^^dt:map, st:date="[Map: size=1]"^^dt:map, st:host="[Map: size=1]"^^dt:map, st:hostlite="[Map: size=1]"^^dt:map}
2022-02-09 13:18:14 INFO  webservice.EventManager.log:74 [] - {"http://ns.inria.fr/sparql-template/user"=1}
2022-02-09 13:18:14 INFO  webservice.EventManager.log:76 [] - {"172.19.0.1"=1}
2022-02-09 13:19:04 INFO  webservice.SPARQLRestAPI.getTriplesXMLForGet:298 [] - getTriplesXMLForGet
2022-02-09 13:19:04 INFO  webservice.SPARQLResult.getResultFormat:90 [] - Endpoint URL: http://localhost:9100/sparql
2022-02-09 13:19:04 INFO  webservice.SPARQLResult.getResultFormat:96 [] - Query: construct where {?s ?p ?o}
2022-02-09 13:19:04 INFO  webservice.EventManager.log:72 [] - Workflow Context:
st:remoteHost : "172.19.0.1"
st:service : "http://ns.inria.fr/sparql-template/user"
mode : "("shacl" )"^^dt:list
request : "[org.eclipse.jetty.server.Request:Request(GET //localhost:9100/sparql?mode=shacl&uri=https://drive.google.com/u/0/uc?id=1XOd5IoAlR5woubQqmXcTelDTl8h5HFDN%26export=download&query=construct%20where%20{?s%20?p%20?o}&format=turtle)@346b22ae]"^^dt:pointer
shacl : true
uri : "(<https://drive.google.com/u/0/uc?id=1XOd5IoAlR5woubQqmXcTelDTl8h5HFDN&export=download> )"^^dt:list
url : <http://localhost:9100/sparql>
user query: true
level: PRIVATE

2022-02-09 13:19:04 INFO  webservice.EventManager.log:73 [] - {st:count="[Map: size=1]"^^dt:map, st:date="[Map: size=1]"^^dt:map, st:host="[Map: size=1]"^^dt:map, st:hostlite="[Map: size=1]"^^dt:map}
2022-02-09 13:19:04 INFO  webservice.EventManager.log:74 [] - {"http://ns.inria.fr/sparql-template/user"=2}
2022-02-09 13:19:04 INFO  webservice.EventManager.log:76 [] - {"172.19.0.1"=2}
2022-02-09 13:19:05 INFO  load.Service.recordFormat:620 [] - Content type: text/turtle
2022-02-09 13:19:05 WARN  tool.Message.log:64 [] - Undefined variable: ?sh
2022-02-09 13:19:05 WARN  tool.Message.log:64 [] - Undefined variable: ?ppp
2022-02-09 13:19:16 INFO  webservice.SPARQLRestAPI.getTriplesXMLForGet:298 [] - getTriplesXMLForGet
2022-02-09 13:19:16 INFO  webservice.SPARQLResult.getResultFormat:90 [] - Endpoint URL: http://localhost:9100/sparql
2022-02-09 13:19:16 INFO  webservice.SPARQLResult.getResultFormat:96 [] - Query: construct where {?s ?p ?o}
2022-02-09 13:19:16 INFO  webservice.EventManager.log:72 [] - Workflow Context:
st:remoteHost : "172.19.0.1"
st:service : "http://ns.inria.fr/sparql-template/user"
mode : "("prob-shacl" )"^^dt:list
prob-shacl : true
request : "[org.eclipse.jetty.server.Request:Request(GET //localhost:9100/sparql?mode=prob-shacl&uri=https://drive.google.com/u/0/uc?id=1XOd5IoAlR5woubQqmXcTelDTl8h5HFDN%26export=download&query=construct%20where%20{?s%20?p%20?o}&format=turtle)@346b22ae]"^^dt:pointer
uri : "(<https://drive.google.com/u/0/uc?id=1XOd5IoAlR5woubQqmXcTelDTl8h5HFDN&export=download> )"^^dt:list
url : <http://localhost:9100/sparql>
user query: true
level: PRIVATE

2022-02-09 13:19:16 INFO  webservice.EventManager.log:73 [] - {st:count="[Map: size=1]"^^dt:map, st:date="[Map: size=1]"^^dt:map, st:host="[Map: size=1]"^^dt:map, st:hostlite="[Map: size=1]"^^dt:map}
2022-02-09 13:19:16 INFO  webservice.EventManager.log:74 [] - {"http://ns.inria.fr/sparql-template/user"=3}
2022-02-09 13:19:16 INFO  webservice.EventManager.log:76 [] - {"172.19.0.1"=3}
======================================================================
JVM heap space option: -Xmx12G
Creating new profile.
Looking for data files in: /usr/local/corese/data
Corese profile:
# Content available in the default dataset at /sparql
st:user a st:Server;
    st:content st:loadcontent .

# List endpoints allowed in federated queries + where STTL is allowed to get html templates
st:access st:namespace
    <http://localhost/sttl>,
    <http://fr.dbpedia.org/sparql>,
    <http://dbpedia.org/sparql>,
    <https://query.wikidata.org/sparql>
    .


st:loadcontent a sw:Workflow; sw:body (
  [ a sw:Load; sw:path </usr/local/corese/data/data.ttl> ]
).

Creating new properties file.
2022-02-09 13:28:52 INFO  webservice.EmbeddedJettyServer.main:117 [] - Loading log4j configuration: file:/usr/local/corese/log4j2.xml
2022-02-09 13:28:52 INFO  webservice.EmbeddedJettyServer.main:118 [] - To override log4j configuration add JVM option: -Dlog4j.configurationFile=file:/home/.../your_log4j2.xml
2022-02-09 13:28:53 INFO  core.Corese.init:14 [] - Corese, Inria: Wed Feb 09 13:28:53 UTC 2022
2022-02-09 13:28:53 INFO  webservice.EmbeddedJettyServer.main:231 [] - Profile: file:///usr/local/corese/config/corese-profile.ttl
2022-02-09 13:28:53 INFO  webservice.EmbeddedJettyServer.main:282 [] - init = /usr/local/corese/config/corese-properties.ini
2022-02-09 13:28:53 INFO  util.Property.variable:713 [] - ldscript variable: mapsize=maplarge
2022-02-09 13:28:53 INFO  util.Property.variable:713 [] - ldscript variable: mapzoom=6
2022-02-09 13:28:53 INFO  webservice.EmbeddedJettyServer.main:306 [] - BASE_URI = http://localhost:9100/
2022-02-09 13:28:53 INFO  webservice.EmbeddedJettyServer.main:308 [] - ----------------------------------------------
2022-02-09 13:28:53 INFO  webservice.EmbeddedJettyServer.main:309 [] - Corese/KGRAM endpoint started on http://localhost:9100/sparql
2022-02-09 13:28:53 INFO  log.Log.initialized:192 [] - Logging initialized @752ms to org.eclipse.jetty.util.log.Slf4jLog
2022-02-09 13:28:53 INFO  vfs.VfsLog.info:122 [] - Using "/tmp/vfs_cache" as temporary files store.
2022-02-09 13:28:54 INFO  webservice.EmbeddedJettyServer.extractResourceDir:428 [] - Extracting directory webapp to file:///tmp/root
2022-02-09 13:28:54 INFO  webservice.EmbeddedJettyServer.main:319 [] - Webapp dir: file:///tmp/root/webapp
2022-02-09 13:28:54 INFO  webservice.EmbeddedJettyServer.main:324 [] - Corese/KGRAM webapp UI started on http://localhost:9100
2022-02-09 13:28:54 INFO  webservice.EmbeddedJettyServer.main:325 [] - ----------------------------------------------
2022-02-09 13:28:54 WARN  handler.ContextHandler.setContextPath:1492 [] - o.e.j.s.ServletContextHandler@6641dd60{/,null,UNAVAILABLE} contextPath ends with /*
2022-02-09 13:28:54 WARN  handler.ContextHandler.setContextPath:1503 [] - Empty contextPath
2022-02-09 13:28:54 INFO  server.Server.doStart:373 [] - jetty-9.4.z-SNAPSHOT
2022-02-09 13:28:54 INFO  handler.ContextHandler.doStart:788 [] - Started o.e.j.s.h.ContextHandler@2fc1b04a{/,null,AVAILABLE}
2022-02-09 13:28:55 INFO  handler.ContextHandler.doStart:788 [] - Started o.e.j.s.ServletContextHandler@6641dd60{/,null,AVAILABLE}
2022-02-09 13:28:55 INFO  server.AbstractConnector.doStart:286 [] - Started ServerConnector@30f13b3a{HTTP/1.1,[http/1.1]}{0.0.0.0:9100}
2022-02-09 13:28:55 INFO  server.Server.doStart:441 [] - Started @2979ms
2022-02-09 13:28:55 INFO  webservice.SPARQLRestAPI.initRDF:151 [] - entering initRDF
2022-02-09 13:28:55 INFO  webservice.SPARQLRestAPI.init:200 [] - Load: file:///usr/local/corese/config/corese-profile.ttl
2022-02-09 13:28:55 INFO  webservice.Profile.init:309 [] - Load: http://34139251473d:9100/data/profile.ttl
2022-02-09 13:28:55 INFO  webservice.Profile.init:312 [] - Load: file:///usr/local/corese/config/corese-profile.ttl
2022-02-09 13:28:56 INFO  webservice.Profile.initParameter:423 [] - Parameter Context
2022-02-09 13:28:56 INFO  webservice.Profile.initParameter:424 [] - level: PRIVATE

2022-02-09 13:28:56 INFO  webservice.SPARQLRestAPI.init:174 [] - key: 3090e863-9341-457e-aafb-5d5c7419461d
2022-02-09 13:29:07 INFO  webservice.SPARQLRestAPI.getTriplesXMLForGet:298 [] - getTriplesXMLForGet
2022-02-09 13:29:07 INFO  webservice.SPARQLResult.getResultFormat:90 [] - Endpoint URL: http://localhost:9100/sparql
2022-02-09 13:29:07 INFO  webservice.SPARQLResult.getResultFormat:96 [] - Query: construct where {?s ?p ?o}
2022-02-09 13:29:07 INFO  webservice.EventManager.log:72 [] - Workflow Context:
st:remoteHost : "172.19.0.1"
st:service : "http://ns.inria.fr/sparql-template/user"
mode : "("prob-shacl" )"^^dt:list
prob-shacl : true
request : "[org.eclipse.jetty.server.Request:Request(GET //localhost:9100/sparql?mode=prob-shacl&uri=https://drive.google.com/u/0/uc?id=1XOd5IoAlR5woubQqmXcTelDTl8h5HFDN%26export=download&query=construct%20where%20{?s%20?p%20?o}&format=turtle)@3a05678a]"^^dt:pointer
uri : "(<https://drive.google.com/u/0/uc?id=1XOd5IoAlR5woubQqmXcTelDTl8h5HFDN&export=download> )"^^dt:list
url : <http://localhost:9100/sparql>
user query: true
level: PRIVATE

2022-02-09 13:29:07 INFO  webservice.EventManager.log:73 [] - {st:count="[Map: size=1]"^^dt:map, st:date="[Map: size=1]"^^dt:map, st:host="[Map: size=1]"^^dt:map, st:hostlite="[Map: size=1]"^^dt:map}
2022-02-09 13:29:07 INFO  webservice.EventManager.log:74 [] - {"http://ns.inria.fr/sparql-template/user"=1}
2022-02-09 13:29:07 INFO  webservice.EventManager.log:76 [] - {"172.19.0.1"=1}
2022-02-09 13:29:08 INFO  load.Service.recordFormat:620 [] - Content type: text/turtle
2022-02-09 13:29:08 WARN  tool.Message.log:64 [] - Undefined variable: ?sh
2022-02-09 13:29:08 WARN  tool.Message.log:64 [] - Undefined variable: ?ppp
2022-02-09 13:29:44 INFO  webservice.SPARQLRestAPI.getTriplesXMLForGet:298 [] - getTriplesXMLForGet
2022-02-09 13:29:44 INFO  webservice.SPARQLResult.getResultFormat:90 [] - Endpoint URL: http://localhost:9100/sparql
2022-02-09 13:29:44 INFO  webservice.SPARQLResult.getResultFormat:96 [] - Query: construct where {?s ?p ?o}
2022-02-09 13:29:44 INFO  webservice.EventManager.log:72 [] - Workflow Context:
st:remoteHost : "172.19.0.1"
st:service : "http://ns.inria.fr/sparql-template/user"
mode : "("shacl" )"^^dt:list
request : "[org.eclipse.jetty.server.Request:Request(GET //localhost:9100/sparql?mode=shacl&uri=https://drive.google.com/u/0/uc?id=1XOd5IoAlR5woubQqmXcTelDTl8h5HFDN%26export=download&query=construct%20where%20{?s%20?p%20?o}&format=turtle)@493cb767]"^^dt:pointer
shacl : true
uri : "(<https://drive.google.com/u/0/uc?id=1XOd5IoAlR5woubQqmXcTelDTl8h5HFDN&export=download> )"^^dt:list
url : <http://localhost:9100/sparql>
user query: true
level: PRIVATE

2022-02-09 13:29:44 INFO  webservice.EventManager.log:73 [] - {st:count="[Map: size=1]"^^dt:map, st:date="[Map: size=1]"^^dt:map, st:host="[Map: size=1]"^^dt:map, st:hostlite="[Map: size=1]"^^dt:map}
2022-02-09 13:29:44 INFO  webservice.EventManager.log:74 [] - {"http://ns.inria.fr/sparql-template/user"=2}
2022-02-09 13:29:44 INFO  webservice.EventManager.log:76 [] - {"172.19.0.1"=2}
2022-02-09 13:29:45 INFO  load.Service.recordFormat:620 [] - Content type: text/turtle
======================================================================
JVM heap space option: -Xmx12G
Creating new profile.
Looking for data files in: /usr/local/corese/data
Corese profile:
# Content available in the default dataset at /sparql
st:user a st:Server;
    st:content st:loadcontent .

# List endpoints allowed in federated queries + where STTL is allowed to get html templates
st:access st:namespace
    <http://localhost/sttl>,
    <http://fr.dbpedia.org/sparql>,
    <http://dbpedia.org/sparql>,
    <https://query.wikidata.org/sparql>
    .


st:loadcontent a sw:Workflow; sw:body (
  [ a sw:Load; sw:path </usr/local/corese/data/data.ttl> ]
).

Creating new properties file.
2022-02-09 13:39:39 INFO  webservice.EmbeddedJettyServer.main:117 [] - Loading log4j configuration: file:/usr/local/corese/log4j2.xml
2022-02-09 13:39:39 INFO  webservice.EmbeddedJettyServer.main:118 [] - To override log4j configuration add JVM option: -Dlog4j.configurationFile=file:/home/.../your_log4j2.xml
2022-02-09 13:39:39 INFO  core.Corese.init:14 [] - Corese, Inria: Wed Feb 09 13:39:39 UTC 2022
2022-02-09 13:39:39 INFO  webservice.EmbeddedJettyServer.main:231 [] - Profile: file:///usr/local/corese/config/corese-profile.ttl
2022-02-09 13:39:39 INFO  webservice.EmbeddedJettyServer.main:282 [] - init = /usr/local/corese/config/corese-properties.ini
2022-02-09 13:39:39 INFO  util.Property.variable:713 [] - ldscript variable: mapsize=maplarge
2022-02-09 13:39:39 INFO  util.Property.variable:713 [] - ldscript variable: mapzoom=6
2022-02-09 13:39:40 INFO  webservice.EmbeddedJettyServer.main:306 [] - BASE_URI = http://localhost:9100/
2022-02-09 13:39:40 INFO  webservice.EmbeddedJettyServer.main:308 [] - ----------------------------------------------
2022-02-09 13:39:40 INFO  webservice.EmbeddedJettyServer.main:309 [] - Corese/KGRAM endpoint started on http://localhost:9100/sparql
2022-02-09 13:39:40 INFO  log.Log.initialized:192 [] - Logging initialized @760ms to org.eclipse.jetty.util.log.Slf4jLog
2022-02-09 13:39:40 INFO  vfs.VfsLog.info:122 [] - Using "/tmp/vfs_cache" as temporary files store.
2022-02-09 13:39:40 INFO  webservice.EmbeddedJettyServer.extractResourceDir:428 [] - Extracting directory webapp to file:///tmp/root
2022-02-09 13:39:40 INFO  webservice.EmbeddedJettyServer.main:319 [] - Webapp dir: file:///tmp/root/webapp
2022-02-09 13:39:40 INFO  webservice.EmbeddedJettyServer.main:324 [] - Corese/KGRAM webapp UI started on http://localhost:9100
2022-02-09 13:39:40 INFO  webservice.EmbeddedJettyServer.main:325 [] - ----------------------------------------------
2022-02-09 13:39:40 WARN  handler.ContextHandler.setContextPath:1492 [] - o.e.j.s.ServletContextHandler@6641dd60{/,null,UNAVAILABLE} contextPath ends with /*
2022-02-09 13:39:40 WARN  handler.ContextHandler.setContextPath:1503 [] - Empty contextPath
2022-02-09 13:39:40 INFO  server.Server.doStart:373 [] - jetty-9.4.z-SNAPSHOT
2022-02-09 13:39:40 INFO  handler.ContextHandler.doStart:788 [] - Started o.e.j.s.h.ContextHandler@2fc1b04a{/,null,AVAILABLE}
2022-02-09 13:39:41 INFO  handler.ContextHandler.doStart:788 [] - Started o.e.j.s.ServletContextHandler@6641dd60{/,null,AVAILABLE}
2022-02-09 13:39:41 INFO  server.AbstractConnector.doStart:286 [] - Started ServerConnector@30f13b3a{HTTP/1.1,[http/1.1]}{0.0.0.0:9100}
2022-02-09 13:39:41 INFO  server.Server.doStart:441 [] - Started @2237ms
2022-02-09 13:39:41 INFO  webservice.SPARQLRestAPI.initRDF:151 [] - entering initRDF
2022-02-09 13:39:41 INFO  webservice.SPARQLRestAPI.init:200 [] - Load: file:///usr/local/corese/config/corese-profile.ttl
2022-02-09 13:39:41 INFO  webservice.Profile.init:309 [] - Load: http://0f87f773a08c:9100/data/profile.ttl
2022-02-09 13:39:41 INFO  webservice.Profile.init:312 [] - Load: file:///usr/local/corese/config/corese-profile.ttl
2022-02-09 13:39:42 INFO  webservice.Profile.initParameter:423 [] - Parameter Context
2022-02-09 13:39:42 INFO  webservice.Profile.initParameter:424 [] - level: PRIVATE

2022-02-09 13:39:42 INFO  webservice.SPARQLRestAPI.init:174 [] - key: 15d8bd0e-727b-475d-a465-d64e8e066fdd
2022-02-09 13:39:53 INFO  webservice.SPARQLRestAPI.getTriplesXMLForGet:298 [] - getTriplesXMLForGet
2022-02-09 13:39:53 INFO  webservice.SPARQLResult.getResultFormat:90 [] - Endpoint URL: http://localhost:9100/sparql
2022-02-09 13:39:53 INFO  webservice.SPARQLResult.getResultFormat:96 [] - Query: construct where {?s ?p ?o}
2022-02-09 13:39:53 INFO  webservice.EventManager.log:72 [] - Workflow Context:
st:remoteHost : "172.19.0.1"
st:service : "http://ns.inria.fr/sparql-template/user"
mode : "("shacl" )"^^dt:list
request : "[org.eclipse.jetty.server.Request:Request(GET //localhost:9100/sparql?mode=shacl&uri=https://drive.google.com/u/0/uc?id=1XOd5IoAlR5woubQqmXcTelDTl8h5HFDN%26export=download&query=construct%20where%20{?s%20?p%20?o}&format=turtle)@1d964460]"^^dt:pointer
shacl : true
uri : "(<https://drive.google.com/u/0/uc?id=1XOd5IoAlR5woubQqmXcTelDTl8h5HFDN&export=download> )"^^dt:list
url : <http://localhost:9100/sparql>
user query: true
level: PRIVATE

2022-02-09 13:39:53 INFO  webservice.EventManager.log:73 [] - {st:count="[Map: size=1]"^^dt:map, st:date="[Map: size=1]"^^dt:map, st:host="[Map: size=1]"^^dt:map, st:hostlite="[Map: size=1]"^^dt:map}
2022-02-09 13:39:53 INFO  webservice.EventManager.log:74 [] - {"http://ns.inria.fr/sparql-template/user"=1}
2022-02-09 13:39:53 INFO  webservice.EventManager.log:76 [] - {"172.19.0.1"=1}
2022-02-09 13:39:53 INFO  load.Service.recordFormat:620 [] - Content type: text/turtle
2022-02-09 13:39:54 WARN  tool.Message.log:64 [] - Undefined variable: ?sh
2022-02-09 13:39:54 WARN  tool.Message.log:64 [] - Undefined variable: ?ppp
2022-02-09 13:40:04 INFO  webservice.SPARQLRestAPI.getTriplesXMLForGet:298 [] - getTriplesXMLForGet
2022-02-09 13:40:04 INFO  webservice.SPARQLResult.getResultFormat:90 [] - Endpoint URL: http://localhost:9100/sparql
2022-02-09 13:40:04 INFO  webservice.SPARQLResult.getResultFormat:96 [] - Query: construct where {?s ?p ?o}
2022-02-09 13:40:04 INFO  webservice.EventManager.log:72 [] - Workflow Context:
st:remoteHost : "172.19.0.1"
st:service : "http://ns.inria.fr/sparql-template/user"
mode : "("prob-shacl" )"^^dt:list
prob-shacl : true
request : "[org.eclipse.jetty.server.Request:Request(GET //localhost:9100/sparql?mode=prob-shacl&uri=https://drive.google.com/u/0/uc?id=1XOd5IoAlR5woubQqmXcTelDTl8h5HFDN%26export=download&query=construct%20where%20{?s%20?p%20?o}&format=turtle)@1d964460]"^^dt:pointer
uri : "(<https://drive.google.com/u/0/uc?id=1XOd5IoAlR5woubQqmXcTelDTl8h5HFDN&export=download> )"^^dt:list
url : <http://localhost:9100/sparql>
user query: true
level: PRIVATE

2022-02-09 13:40:04 INFO  webservice.EventManager.log:73 [] - {st:count="[Map: size=1]"^^dt:map, st:date="[Map: size=1]"^^dt:map, st:host="[Map: size=1]"^^dt:map, st:hostlite="[Map: size=1]"^^dt:map}
2022-02-09 13:40:04 INFO  webservice.EventManager.log:74 [] - {"http://ns.inria.fr/sparql-template/user"=2}
2022-02-09 13:40:04 INFO  webservice.EventManager.log:76 [] - {"172.19.0.1"=2}
2022-02-09 13:40:05 INFO  load.Service.recordFormat:620 [] - Content type: text/turtle
